Resolving dependencies...
Downloading packages...
  characters 1.4.0 (1.4.1 available)
  ffi 2.1.4 (2.1.5 available)
  flutter_lints 5.0.0 (6.0.0 available)
  google_fonts 6.3.3 (7.0.2 available)
  lints 5.1.1 (6.0.0 available)
  matcher 0.12.17 (0.12.18 available)
  material_color_utilities 0.11.1 (0.13.0 available)
  meta 1.16.0 (1.17.0 available)
  test_api 0.7.6 (0.7.9 available)
Got dependencies!
9 packages have newer versions incompatible with dependency constraints.
Try `flutter pub outdated` for more information.
Running Gradle task 'assembleRelease'...                        
Font asset "Font-Awesome-7-Brands-Regular-400.otf" was tree-shaken, reducing it from 199352 to 2224 bytes (98.9% reduction). Tree-shaking can be disabled by providing the --no-tree-shake-icons flag when building your app.
Font asset "CupertinoIcons.ttf" was tree-shaken, reducing it from 257628 to 848 bytes (99.7% reduction). Tree-shaking can be disabled by providing the --no-tree-shake-icons flag when building your app.
Font asset "MaterialIcons-Regular.otf" was tree-shaken, reducing it from 1645184 to 14156 bytes (99.1% reduction). Tree-shaking can be disabled by providing the --no-tree-shake-icons flag when building your app.

FAILURE: Build failed with an exception.

* What went wrong:
Execution failed for task ':flutter_plugin_android_lifecycle:compileReleaseJavaWithJavac'.
> Could not resolve all files for configuration ':flutter_plugin_android_lifecycle:releaseCompileClasspath'.
   > Could not resolve org.jetbrains.kotlin:kotlin-stdlib:1.9.24.
     Required by:
         project :flutter_plugin_android_lifecycle > androidx.annotation:annotation-jvm:1.9.1
      > Could not resolve org.jetbrains.kotlin:kotlin-stdlib:1.9.24.
         > Could not get resource 'https://repo.maven.apache.org/maven2/org/jetbrains/kotlin/kotlin-stdlib/1.9.24/kotlin-stdlib-1.9.24.pom'.
            > Could not GET 'https://repo.maven.apache.org/maven2/org/jetbrains/kotlin/kotlin-stdlib/1.9.24/kotlin-stdlib-1.9.24.pom'.
               > repo.maven.apache.org
      > Could not resolve org.jetbrains.kotlin:kotlin-stdlib:1.9.24.
         > Could not get resource 'https://repo.maven.apache.org/maven2/org/jetbrains/kotlin/kotlin-stdlib/1.9.24/kotlin-stdlib-1.9.24.pom'.
            > Could not GET 'https://repo.maven.apache.org/maven2/org/jetbrains/kotlin/kotlin-stdlib/1.9.24/kotlin-stdlib-1.9.24.pom'.
               > repo.maven.apache.org
      > Could not resolve org.jetbrains.kotlin:kotlin-stdlib:1.9.24.
         > Could not get resource 'https://repo.maven.apache.org/maven2/org/jetbrains/kotlin/kotlin-stdlib/1.9.24/kotlin-stdlib-1.9.24.pom'.
            > Could not GET 'https://repo.maven.apache.org/maven2/org/jetbrains/kotlin/kotlin-stdlib/1.9.24/kotlin-stdlib-1.9.24.pom'.
               > repo.maven.apache.org
      > Could not resolve org.jetbrains.kotlin:kotlin-stdlib:1.9.24.
         > Could not get resource 'https://repo.maven.apache.org/maven2/org/jetbrains/kotlin/kotlin-stdlib/1.9.24/kotlin-stdlib-1.9.24.pom'.
            > Could not GET 'https://repo.maven.apache.org/maven2/org/jetbrains/kotlin/kotlin-stdlib/1.9.24/kotlin-stdlib-1.9.24.pom'.
               > repo.maven.apache.org
      > Could not resolve org.jetbrains.kotlin:kotlin-stdlib:1.9.24.
         > Could not get resource 'https://repo.maven.apache.org/maven2/org/jetbrains/kotlin/kotlin-stdlib/1.9.24/kotlin-stdlib-1.9.24.pom'.
            > Could not GET 'https://repo.maven.apache.org/maven2/org/jetbrains/kotlin/kotlin-stdlib/1.9.24/kotlin-stdlib-1.9.24.pom'.
               > repo.maven.apache.org
   > Could not resolve org.jetbrains.kotlinx:kotlinx-coroutines-core-jvm:1.7.1.
     Required by:
         project :flutter_plugin_android_lifecycle > org.jetbrains.kotlinx:kotlinx-coroutines-core:1.7.1
         project :flutter_plugin_android_lifecycle > org.jetbrains.kotlinx:kotlinx-coroutines-bom:1.7.1
      > Could not resolve org.jetbrains.kotlinx:kotlinx-coroutines-core-jvm:1.7.1.
         > Could not get resource 'https://repo.maven.apache.org/maven2/org/jetbrains/kotlinx/kotlinx-coroutines-core-jvm/1.7.1/kotlinx-coroutines-core-jvm-1.7.1.pom'.
            > Could not GET 'https://repo.maven.apache.org/maven2/org/jetbrains/kotlinx/kotlinx-coroutines-core-jvm/1.7.1/kotlinx-coroutines-core-jvm-1.7.1.pom'.
               > repo.maven.apache.org
      > Could not resolve org.jetbrains.kotlinx:kotlinx-coroutines-core-jvm:1.7.1.
         > Could not get resource 'https://repo.maven.apache.org/maven2/org/jetbrains/kotlinx/kotlinx-coroutines-core-jvm/1.7.1/kotlinx-coroutines-core-jvm-1.7.1.pom'.
            > Could not GET 'https://repo.maven.apache.org/maven2/org/jetbrains/kotlinx/kotlinx-coroutines-core-jvm/1.7.1/kotlinx-coroutines-core-jvm-1.7.1.pom'.
               > repo.maven.apache.org
      > Could not resolve org.jetbrains.kotlinx:kotlinx-coroutines-core-jvm:1.7.1.
         > Could not get resource 'https://repo.maven.apache.org/maven2/org/jetbrains/kotlinx/kotlinx-coroutines-core-jvm/1.7.1/kotlinx-coroutines-core-jvm-1.7.1.pom'.
            > Could not GET 'https://repo.maven.apache.org/maven2/org/jetbrains/kotlinx/kotlinx-coroutines-core-jvm/1.7.1/kotlinx-coroutines-core-jvm-1.7.1.pom'.
               > repo.maven.apache.org
      > Could not resolve org.jetbrains.kotlinx:kotlinx-coroutines-core-jvm:1.7.1.
         > Could not get resource 'https://repo.maven.apache.org/maven2/org/jetbrains/kotlinx/kotlinx-coroutines-core-jvm/1.7.1/kotlinx-coroutines-core-jvm-1.7.1.pom'.
            > Could not GET 'https://repo.maven.apache.org/maven2/org/jetbrains/kotlinx/kotlinx-coroutines-core-jvm/1.7.1/kotlinx-coroutines-core-jvm-1.7.1.pom'.
               > repo.maven.apache.org
      > Could not resolve org.jetbrains.kotlinx:kotlinx-coroutines-core-jvm:1.7.1.
         > Could not get resource 'https://repo.maven.apache.org/maven2/org/jetbrains/kotlinx/kotlinx-coroutines-core-jvm/1.7.1/kotlinx-coroutines-core-jvm-1.7.1.pom'.
            > Could not GET 'https://repo.maven.apache.org/maven2/org/jetbrains/kotlinx/kotlinx-coroutines-core-jvm/1.7.1/kotlinx-coroutines-core-jvm-1.7.1.pom'.
               > repo.maven.apache.org
   > Could not resolve org.jetbrains.kotlin:kotlin-stdlib-jdk7:1.8.20.
     Required by:
         project :flutter_plugin_android_lifecycle > org.jetbrains.kotlin:kotlin-stdlib-jdk8:1.8.20
      > Could not resolve org.jetbrains.kotlin:kotlin-stdlib-jdk7:1.8.20.
         > Could not get resource 'https://repo.maven.apache.org/maven2/org/jetbrains/kotlin/kotlin-stdlib-jdk7/1.8.20/kotlin-stdlib-jdk7-1.8.20.pom'.
            > Could not GET 'https://repo.maven.apache.org/maven2/org/jetbrains/kotlin/kotlin-stdlib-jdk7/1.8.20/kotlin-stdlib-jdk7-1.8.20.pom'.
               > repo.maven.apache.org
      > Could not resolve org.jetbrains.kotlin:kotlin-stdlib-jdk7:1.8.20.
         > Could not get resource 'https://repo.maven.apache.org/maven2/org/jetbrains/kotlin/kotlin-stdlib-jdk7/1.8.20/kotlin-stdlib-jdk7-1.8.20.pom'.
            > Could not GET 'https://repo.maven.apache.org/maven2/org/jetbrains/kotlin/kotlin-stdlib-jdk7/1.8.20/kotlin-stdlib-jdk7-1.8.20.pom'.
               > repo.maven.apache.org
      > Could not resolve org.jetbrains.kotlin:kotlin-stdlib-jdk7:1.8.20.
         > Could not get resource 'https://repo.maven.apache.org/maven2/org/jetbrains/kotlin/kotlin-stdlib-jdk7/1.8.20/kotlin-stdlib-jdk7-1.8.20.pom'.
            > Could not GET 'https://repo.maven.apache.org/maven2/org/jetbrains/kotlin/kotlin-stdlib-jdk7/1.8.20/kotlin-stdlib-jdk7-1.8.20.pom'.
               > repo.maven.apache.org
      > Could not resolve org.jetbrains.kotlin:kotlin-stdlib-jdk7:1.8.20.
         > Could not get resource 'https://repo.maven.apache.org/maven2/org/jetbrains/kotlin/kotlin-stdlib-jdk7/1.8.20/kotlin-stdlib-jdk7-1.8.20.pom'.
            > Could not GET 'https://repo.maven.apache.org/maven2/org/jetbrains/kotlin/kotlin-stdlib-jdk7/1.8.20/kotlin-stdlib-jdk7-1.8.20.pom'.
               > repo.maven.apache.org
      > Could not resolve org.jetbrains.kotlin:kotlin-stdlib-jdk7:1.8.20.
         > Could not get resource 'https://repo.maven.apache.org/maven2/org/jetbrains/kotlin/kotlin-stdlib-jdk7/1.8.20/kotlin-stdlib-jdk7-1.8.20.pom'.
            > Could not GET 'https://repo.maven.apache.org/maven2/org/jetbrains/kotlin/kotlin-stdlib-jdk7/1.8.20/kotlin-stdlib-jdk7-1.8.20.pom'.
               > repo.maven.apache.org
> There are 20 more failures with identical causes.

* Try:
> Run with --stacktrace option to get the stack trace.
> Run with --info or --debug option to get more log output.
> Run with --scan to get full insights.
> Get more help at https://help.gradle.org.

BUILD FAILED in 3m 26s
Running Gradle task 'assembleRelease'...                          207.0s
[!] Gradle threw an error while downloading artifacts from the network.
Retrying Gradle Build: #1, wait time: 100ms
Running Gradle task 'assembleRelease'...                        
Font asset "Font-Awesome-7-Brands-Regular-400.otf" was tree-shaken, reducing it from 199352 to 2224 bytes (98.9% reduction). Tree-shaking can be disabled by providing the --no-tree-shake-icons flag when building your app.
Font asset "CupertinoIcons.ttf" was tree-shaken, reducing it from 257628 to 848 bytes (99.7% reduction). Tree-shaking can be disabled by providing the --no-tree-shake-icons flag when building your app.
Font asset "MaterialIcons-Regular.otf" was tree-shaken, reducing it from 1645184 to 14156 bytes (99.1% reduction). Tree-shaking can be disabled by providing the --no-tree-shake-icons flag when building your app.
Note: Some input files use or override a deprecated API.
Note: Recompile with -Xlint:deprecation for details.
Checking the license for package CMake 3.22.1 in C:\Program Files (x86)\Android\android-sdk\licenses
License for package CMake 3.22.1 accepted.
Preparing "Install CMake 3.22.1 v.3.22.1".
Warning: Failed to read or create install properties file.

FAILURE: Build failed with an exception.

* What went wrong:
Execution failed for task ':app:configureCMakeRelease[arm64-v8a]'.
> com.android.builder.sdk.InstallFailedException: Failed to install the following SDK components:
      cmake;3.22.1 CMake 3.22.1
  The SDK directory is not writable (C:\Program Files (x86)\Android\android-sdk)


* Try:
> Run with --stacktrace option to get the stack trace.
> Run with --info or --debug option to get more log output.
> Run with --scan to get full insights.
> Get more help at https://help.gradle.org.

BUILD FAILED in 5m 41s
Running Gradle task 'assembleRelease'...                          342.6s
Gradle task assembleRelease failed with exit code 1
