Resolving dependencies...
Downloading packages...
  characters 1.4.0 (1.4.1 available)
  ffi 2.1.4 (2.1.5 available)
  flutter_lints 5.0.0 (6.0.0 available)
  google_fonts 6.3.3 (7.0.2 available)
  lints 5.1.1 (6.0.0 available)
  matcher 0.12.17 (0.12.18 available)
  material_color_utilities 0.11.1 (0.13.0 available)
  meta 1.16.0 (1.17.0 available)
  test_api 0.7.6 (0.7.9 available)
Got dependencies!
9 packages have newer versions incompatible with dependency constraints.
Try `flutter pub outdated` for more information.
Running Gradle task 'assembleRelease'...                        
Font asset "Font-Awesome-7-Brands-Regular-400.otf" was tree-shaken, reducing it from 199352 to 2224 bytes (98.9% reduction). Tree-shaking can be disabled by providing the --no-tree-shake-icons flag when building your app.
Font asset "CupertinoIcons.ttf" was tree-shaken, reducing it from 257628 to 848 bytes (99.7% reduction). Tree-shaking can be disabled by providing the --no-tree-shake-icons flag when building your app.
Font asset "MaterialIcons-Regular.otf" was tree-shaken, reducing it from 1645184 to 14156 bytes (99.1% reduction). Tree-shaking can be disabled by providing the --no-tree-shake-icons flag when building your app.

FAILURE: Build failed with an exception.

* What went wrong:
Execution failed for task ':app:checkReleaseAarMetadata'.
> A failure occurred while executing com.android.build.gradle.internal.tasks.CheckAarMetadataWorkAction
   > 4 issues were found when checking AAR metadata:

       1.  Dependency 'androidx.browser:browser:1.9.0' requires Android Gradle plugin 8.9.1 or higher.

           This build currently uses Android Gradle plugin 8.7.3.

       2.  Dependency 'androidx.core:core-ktx:1.17.0' requires Android Gradle plugin 8.9.1 or higher.

           This build currently uses Android Gradle plugin 8.7.3.

       3.  Dependency 'androidx.core:core:1.17.0' requires Android Gradle plugin 8.9.1 or higher.

           This build currently uses Android Gradle plugin 8.7.3.

       4.  Dependency 'androidx.activity:activity:1.11.0' requires Android Gradle plugin 8.9.1 or higher.

           This build currently uses Android Gradle plugin 8.7.3.

* Try:
> Run with --stacktrace option to get the stack trace.
> Run with --info or --debug option to get more log output.
> Run with --scan to get full insights.
> Get more help at https://help.gradle.org.

BUILD FAILED in 10h 15m 32s
Running Gradle task 'assembleRelease'...                        36944.0s
Gradle task assembleRelease failed with exit code 1
